<?xml version="1.0" encoding="UTF-8"?>
<testsuites tests="1" failures="1" errors="0" skipped="0">
  <testsuite name="Suliit Home Page Tests" timestamp="2025-09-15T23:27:07" time="1.521" tests="1" failures="1" errors="0" skipped="0">
    <properties>
      <property name="specId" value="0"/>
      <property name="suiteName" value="Suliit Home Page Tests"/>
      <property name="capabilities" value="ios.iphone16promax"/>
      <property name="file" value="file://./tests/specs/home.test.js"/>
    </properties>
    <testcase classname="ios.iphone16promax.Suliit_Home_Page_Tests" name="before all hook for Suliit Home Page Tests" time="1.52">
      <failure message="WebDriverError: Method is not implemented when running &quot;execute/sync&quot; with method &quot;POST&quot; and args &quot;flutter:waitForFirstFrame&quot;"/>
      <system-err><![CDATA[
unknown method: WebDriverError: Method is not implemented when running "execute/sync" with method "POST" and args "flutter:waitForFirstFrame"
    at async Context.<anonymous> (/Volumes/Data/innovent/suliit/automation/tests/specs/home.test.js:16:9)
]]></system-err>
    </testcase>
  </testsuite>
</testsuites>