<?xml version="1.0" encoding="UTF-8"?>
<testsuites tests="12" failures="11" errors="0" skipped="0">
  <testsuite name="Suliit iOS App Tests" timestamp="2025-09-15T23:27:39" time="22.636" tests="0" failures="0" errors="0" skipped="0">
    <properties>
      <property name="specId" value="0"/>
      <property name="suiteName" value="Suliit iOS App Tests"/>
      <property name="capabilities" value="ios.iphone16promax"/>
      <property name="file" value="file://./tests/specs/ios.app.test.js"/>
    </properties>
  </testsuite>
  <testsuite name="App Launch and Basic Functionality" timestamp="2025-09-15T23:27:42" time="12.721" tests="4" failures="4" errors="0" skipped="0">
    <properties>
      <property name="specId" value="0"/>
      <property name="suiteName" value="App Launch and Basic Functionality"/>
      <property name="capabilities" value="ios.iphone16promax"/>
      <property name="file" value="file://./tests/specs/ios.app.test.js"/>
    </properties>
    <testcase classname="ios.iphone16promax.Suliit_iOS_App_Tests.App_Launch_and_Basic_Functionality" name="should launch the app successfully" time="1.797">
      <failure message="WebDriverError: An unknown server-side error occurred while processing the command. Original error: -[XCUIApplicationProcess waitForQuiescenceIncludingAnimationsIdle:]: unrecognized selector sent to instance 0x600002c23200 when running &quot;source&quot; with method &quot;GET&quot;"/>
      <system-out><![CDATA[
COMMAND: GET /session/1d8cb68e-5aa3-4359-89ae-20cf797e00ea/screenshot - {}
RESULT: {}
COMMAND: GET /session/1d8cb68e-5aa3-4359-89ae-20cf797e00ea/source - {}
RESULT: {}
COMMAND: GET /session/1d8cb68e-5aa3-4359-89ae-20cf797e00ea/screenshot - {}
COMMAND: GET /session/1d8cb68e-5aa3-4359-89ae-20cf797e00ea/screenshot - {}
RESULT: {}
RESULT: {}
]]></system-out>
      <system-err><![CDATA[
unknown error: WebDriverError: An unknown server-side error occurred while processing the command. Original error: -[XCUIApplicationProcess waitForQuiescenceIncludingAnimationsIdle:]: unrecognized selector sent to instance 0x600002c23200 when running "source" with method "GET"
    at async Context.<anonymous> (/Volumes/Data/innovent/suliit/automation/tests/specs/ios.app.test.js:34:28)
]]></system-err>
    </testcase>
    <testcase classname="ios.iphone16promax.Suliit_iOS_App_Tests.App_Launch_and_Basic_Functionality" name="should display the main screen elements" time="3.866">
      <failure message="WebDriverError: An unknown server-side error occurred while processing the command. Original error: -[XCUIApplicationProcess waitForQuiescenceIncludingAnimationsIdle:]: unrecognized selector sent to instance 0x600002c23200 when running &quot;source&quot; with method &quot;GET&quot;"/>
      <system-out><![CDATA[
COMMAND: GET /session/1d8cb68e-5aa3-4359-89ae-20cf797e00ea/screenshot - {}
RESULT: {}
COMMAND: GET /session/1d8cb68e-5aa3-4359-89ae-20cf797e00ea/screenshot - {}
RESULT: {}
COMMAND: GET /session/1d8cb68e-5aa3-4359-89ae-20cf797e00ea/source - {}
RESULT: {}
COMMAND: GET /session/1d8cb68e-5aa3-4359-89ae-20cf797e00ea/screenshot - {}
COMMAND: GET /session/1d8cb68e-5aa3-4359-89ae-20cf797e00ea/screenshot - {}
RESULT: {}
RESULT: {}
]]></system-out>
      <system-err><![CDATA[
unknown error: WebDriverError: An unknown server-side error occurred while processing the command. Original error: -[XCUIApplicationProcess waitForQuiescenceIncludingAnimationsIdle:]: unrecognized selector sent to instance 0x600002c23200 when running "source" with method "GET"
    at async Context.<anonymous> (/Volumes/Data/innovent/suliit/automation/tests/specs/ios.app.test.js:48:28)
]]></system-err>
    </testcase>
    <testcase classname="ios.iphone16promax.Suliit_iOS_App_Tests.App_Launch_and_Basic_Functionality" name="should be responsive to touch interactions" time="0.186">
      <failure message="WebDriverError: Request with GET/HEAD method cannot have body. when running &quot;touch/perform&quot; with method &quot;GET&quot; and args &quot;{&quot;actions&quot;:[{&quot;action&quot;:&quot;tap&quot;,&quot;options&quot;:{&quot;x&quot;:220,&quot;y&quot;:478}}]}&quot;"/>
      <system-out><![CDATA[
COMMAND: GET /session/1d8cb68e-5aa3-4359-89ae-20cf797e00ea/screenshot - {}
RESULT: {}
COMMAND: GET /session/1d8cb68e-5aa3-4359-89ae-20cf797e00ea/window/rect - {}
RESULT: {}
COMMAND: GET /session/1d8cb68e-5aa3-4359-89ae-20cf797e00ea/touch/perform - {"actions":[{"action":"tap","options":{"x":220,"y":478}}]}
RESULT: {"actions":[{"action":"tap","options":{"x":220,"y":478}}]}
COMMAND: GET /session/1d8cb68e-5aa3-4359-89ae-20cf797e00ea/screenshot - {}
COMMAND: GET /session/1d8cb68e-5aa3-4359-89ae-20cf797e00ea/screenshot - {}
RESULT: {}
RESULT: {}
]]></system-out>
      <system-err><![CDATA[
Error: WebDriverError: Request with GET/HEAD method cannot have body. when running "touch/perform" with method "GET" and args "{"actions":[{"action":"tap","options":{"x":220,"y":478}}]}"
    at async Context.<anonymous> (/Volumes/Data/innovent/suliit/automation/tests/specs/ios.app.test.js:60:13)
]]></system-err>
    </testcase>
    <testcase classname="ios.iphone16promax.Suliit_iOS_App_Tests.App_Launch_and_Basic_Functionality" name="should handle app backgrounding and foregrounding" time="5.723">
      <failure message="WebDriverError: An unknown server-side error occurred while processing the command. Original error: -[XCUIApplicationProcess waitForQuiescenceIncludingAnimationsIdle:]: unrecognized selector sent to instance 0x600002c23200 when running &quot;source&quot; with method &quot;GET&quot;"/>
      <system-out><![CDATA[
COMMAND: GET /session/1d8cb68e-5aa3-4359-89ae-20cf797e00ea/screenshot - {}
RESULT: {}
COMMAND: POST /session/1d8cb68e-5aa3-4359-89ae-20cf797e00ea/appium/app/background - {"seconds":2}
RESULT: {"seconds":2}
COMMAND: GET /session/1d8cb68e-5aa3-4359-89ae-20cf797e00ea/source - {}
RESULT: {}
COMMAND: GET /session/1d8cb68e-5aa3-4359-89ae-20cf797e00ea/screenshot - {}
COMMAND: GET /session/1d8cb68e-5aa3-4359-89ae-20cf797e00ea/screenshot - {}
RESULT: {}
RESULT: {}
]]></system-out>
      <system-err><![CDATA[
unknown error: WebDriverError: An unknown server-side error occurred while processing the command. Original error: -[XCUIApplicationProcess waitForQuiescenceIncludingAnimationsIdle:]: unrecognized selector sent to instance 0x600002c23200 when running "source" with method "GET"
    at async Context.<anonymous> (/Volumes/Data/innovent/suliit/automation/tests/specs/ios.app.test.js:77:28)
]]></system-err>
    </testcase>
  </testsuite>
  <testsuite name="Navigation and User Interface" timestamp="2025-09-15T23:27:54" time="2.954" tests="3" failures="3" errors="0" skipped="0">
    <properties>
      <property name="specId" value="0"/>
      <property name="suiteName" value="Navigation and User Interface"/>
      <property name="capabilities" value="ios.iphone16promax"/>
      <property name="file" value="file://./tests/specs/ios.app.test.js"/>
    </properties>
    <testcase classname="ios.iphone16promax.Suliit_iOS_App_Tests.Navigation_and_User_Interface" name="should detect navigation elements" time="1.703">
      <failure message="WebDriverError: An unknown server-side error occurred while processing the command. Original error: -[XCUIApplicationProcess waitForQuiescenceIncludingAnimationsIdle:]: unrecognized selector sent to instance 0x600002c23200 when running &quot;source&quot; with method &quot;GET&quot;"/>
      <system-out><![CDATA[
COMMAND: GET /session/1d8cb68e-5aa3-4359-89ae-20cf797e00ea/screenshot - {}
RESULT: {}
COMMAND: GET /session/1d8cb68e-5aa3-4359-89ae-20cf797e00ea/source - {}
RESULT: {}
COMMAND: GET /session/1d8cb68e-5aa3-4359-89ae-20cf797e00ea/screenshot - {}
COMMAND: GET /session/1d8cb68e-5aa3-4359-89ae-20cf797e00ea/screenshot - {}
RESULT: {}
RESULT: {}
]]></system-out>
      <system-err><![CDATA[
unknown error: WebDriverError: An unknown server-side error occurred while processing the command. Original error: -[XCUIApplicationProcess waitForQuiescenceIncludingAnimationsIdle:]: unrecognized selector sent to instance 0x600002c23200 when running "source" with method "GET"
    at async Context.<anonymous> (/Volumes/Data/innovent/suliit/automation/tests/specs/ios.app.test.js:88:28)
]]></system-err>
    </testcase>
    <testcase classname="ios.iphone16promax.Suliit_iOS_App_Tests.Navigation_and_User_Interface" name="should handle swipe gestures" time="0.2">
      <failure message="WebDriverError: Request with GET/HEAD method cannot have body. when running &quot;touch/perform&quot; with method &quot;GET&quot; and args &quot;{&quot;actions&quot;:[{&quot;action&quot;:&quot;press&quot;,&quot;options&quot;:{&quot;x&quot;:352,&quot;y&quot;:478}},{&quot;action&quot;:&quot;wait&quot;,&quot;options&quot;:{&quot;ms&quot;:500}},{&quot;action&quot;:&quot;moveTo&quot;,&quot;options&quot;:{&quot;x&quot;:88,&quot;y&quot;:478}},{&quot;action&quot;:&quot;release&quot;}]}&quot;"/>
      <system-out><![CDATA[
COMMAND: GET /session/1d8cb68e-5aa3-4359-89ae-20cf797e00ea/screenshot - {}
RESULT: {}
COMMAND: GET /session/1d8cb68e-5aa3-4359-89ae-20cf797e00ea/window/rect - {}
RESULT: {}
COMMAND: GET /session/1d8cb68e-5aa3-4359-89ae-20cf797e00ea/touch/perform - {"actions":[{"action":"press","options":{"x":352,"y":478}},{"action":"wait","options":{"ms":500}},{"action":"moveTo","options":{"x":88,"y":478}},{"action":"release"}]}
RESULT: {"actions":[{"action":"press","options":{"x":352,"y":478}},{"action":"wait","options":{"ms":500}},{"action":"moveTo","options":{"x":88,"y":478}},{"action":"release"}]}
COMMAND: GET /session/1d8cb68e-5aa3-4359-89ae-20cf797e00ea/screenshot - {}
COMMAND: GET /session/1d8cb68e-5aa3-4359-89ae-20cf797e00ea/screenshot - {}
RESULT: {}
RESULT: {}
]]></system-out>
      <system-err><![CDATA[
Error: WebDriverError: Request with GET/HEAD method cannot have body. when running "touch/perform" with method "GET" and args "{"actions":[{"action":"press","options":{"x":352,"y":478}},{"action":"wait","options":{"ms":500}},{"action":"moveTo","options":{"x":88,"y":478}},{"action":"release"}]}"
    at async Context.<anonymous> (/Volumes/Data/innovent/suliit/automation/tests/specs/ios.app.test.js:104:13)
]]></system-err>
    </testcase>
    <testcase classname="ios.iphone16promax.Suliit_iOS_App_Tests.Navigation_and_User_Interface" name="should handle tap interactions on different screen areas" time="0.179">
      <failure message="WebDriverError: Request with GET/HEAD method cannot have body. when running &quot;touch/perform&quot; with method &quot;GET&quot; and args &quot;{&quot;actions&quot;:[{&quot;action&quot;:&quot;tap&quot;,&quot;options&quot;:{&quot;x&quot;:88,&quot;y&quot;:191.20000000000002}}]}&quot;"/>
      <system-out><![CDATA[
COMMAND: GET /session/1d8cb68e-5aa3-4359-89ae-20cf797e00ea/screenshot - {}
RESULT: {}
COMMAND: GET /session/1d8cb68e-5aa3-4359-89ae-20cf797e00ea/window/rect - {}
RESULT: {}
COMMAND: GET /session/1d8cb68e-5aa3-4359-89ae-20cf797e00ea/touch/perform - {"actions":[{"action":"tap","options":{"x":88,"y":191.20000000000002}}]}
RESULT: {"actions":[{"action":"tap","options":{"x":88,"y":191.20000000000002}}]}
COMMAND: GET /session/1d8cb68e-5aa3-4359-89ae-20cf797e00ea/screenshot - {}
COMMAND: GET /session/1d8cb68e-5aa3-4359-89ae-20cf797e00ea/screenshot - {}
RESULT: {}
RESULT: {}
]]></system-out>
      <system-err><![CDATA[
Error: WebDriverError: Request with GET/HEAD method cannot have body. when running "touch/perform" with method "GET" and args "{"actions":[{"action":"tap","options":{"x":88,"y":191.20000000000002}}]}"
    at async Context.<anonymous> (/Volumes/Data/innovent/suliit/automation/tests/specs/ios.app.test.js:139:17)
]]></system-err>
    </testcase>
  </testsuite>
  <testsuite name="App State and Stability" timestamp="2025-09-15T23:27:57" time="1.333" tests="3" failures="2" errors="0" skipped="0">
    <properties>
      <property name="specId" value="0"/>
      <property name="suiteName" value="App State and Stability"/>
      <property name="capabilities" value="ios.iphone16promax"/>
      <property name="file" value="file://./tests/specs/ios.app.test.js"/>
    </properties>
    <testcase classname="ios.iphone16promax.Suliit_iOS_App_Tests.App_State_and_Stability" name="should maintain stability during extended use" time="0.181">
      <failure message="WebDriverError: Request with GET/HEAD method cannot have body. when running &quot;touch/perform&quot; with method &quot;GET&quot; and args &quot;{&quot;actions&quot;:[{&quot;action&quot;:&quot;tap&quot;,&quot;options&quot;:{&quot;x&quot;:283.8486817408501,&quot;y&quot;:305.1601510509407}}]}&quot;"/>
      <system-out><![CDATA[
COMMAND: GET /session/1d8cb68e-5aa3-4359-89ae-20cf797e00ea/screenshot - {}
RESULT: {}
COMMAND: GET /session/1d8cb68e-5aa3-4359-89ae-20cf797e00ea/window/rect - {}
RESULT: {}
COMMAND: GET /session/1d8cb68e-5aa3-4359-89ae-20cf797e00ea/touch/perform - {"actions":[{"action":"tap","options":{"x":283.8486817408501,"y":305.1601510509407}}]}
RESULT: {"actions":[{"action":"tap","options":{"x":283.8486817408501,"y":305.1601510509407}}]}
COMMAND: GET /session/1d8cb68e-5aa3-4359-89ae-20cf797e00ea/screenshot - {}
COMMAND: GET /session/1d8cb68e-5aa3-4359-89ae-20cf797e00ea/screenshot - {}
RESULT: {}
RESULT: {}
]]></system-out>
      <system-err><![CDATA[
Error: WebDriverError: Request with GET/HEAD method cannot have body. when running "touch/perform" with method "GET" and args "{"actions":[{"action":"tap","options":{"x":283.8486817408501,"y":305.1601510509407}}]}"
    at async Context.<anonymous> (/Volumes/Data/innovent/suliit/automation/tests/specs/ios.app.test.js:159:17)
]]></system-err>
    </testcase>
    <testcase classname="ios.iphone16promax.Suliit_iOS_App_Tests.App_State_and_Stability" name="should handle rapid gestures without crashing" time="0.205">
      <failure message="WebDriverError: Request with GET/HEAD method cannot have body. when running &quot;touch/perform&quot; with method &quot;GET&quot; and args &quot;{&quot;actions&quot;:[{&quot;action&quot;:&quot;press&quot;,&quot;options&quot;:{&quot;x&quot;:220,&quot;y&quot;:286.8}},{&quot;action&quot;:&quot;wait&quot;,&quot;options&quot;:{&quot;ms&quot;:100}},{&quot;action&quot;:&quot;moveTo&quot;,&quot;options&quot;:{&quot;x&quot;:220,&quot;y&quot;:669.1999999999999}},{&quot;action&quot;:&quot;release&quot;}]}&quot;"/>
      <system-out><![CDATA[
COMMAND: GET /session/1d8cb68e-5aa3-4359-89ae-20cf797e00ea/screenshot - {}
RESULT: {}
COMMAND: GET /session/1d8cb68e-5aa3-4359-89ae-20cf797e00ea/window/rect - {}
RESULT: {}
COMMAND: GET /session/1d8cb68e-5aa3-4359-89ae-20cf797e00ea/touch/perform - {"actions":[{"action":"press","options":{"x":220,"y":286.8}},{"action":"wait","options":{"ms":100}},{"action":"moveTo","options":{"x":220,"y":669.1999999999999}},{"action":"release"}]}
RESULT: {"actions":[{"action":"press","options":{"x":220,"y":286.8}},{"action":"wait","options":{"ms":100}},{"action":"moveTo","options":{"x":220,"y":669.1999999999999}},{"action":"release"}]}
COMMAND: GET /session/1d8cb68e-5aa3-4359-89ae-20cf797e00ea/screenshot - {}
COMMAND: GET /session/1d8cb68e-5aa3-4359-89ae-20cf797e00ea/screenshot - {}
RESULT: {}
RESULT: {}
]]></system-out>
      <system-err><![CDATA[
Error: WebDriverError: Request with GET/HEAD method cannot have body. when running "touch/perform" with method "GET" and args "{"actions":[{"action":"press","options":{"x":220,"y":286.8}},{"action":"wait","options":{"ms":100}},{"action":"moveTo","options":{"x":220,"y":669.1999999999999}},{"action":"release"}]}"
    at async Context.<anonymous> (/Volumes/Data/innovent/suliit/automation/tests/specs/ios.app.test.js:180:17)
]]></system-err>
    </testcase>
    <testcase classname="ios.iphone16promax.Suliit_iOS_App_Tests.App_State_and_Stability" name="should respond to device orientation changes" time="0.176">
      <system-out><![CDATA[
COMMAND: GET /session/1d8cb68e-5aa3-4359-89ae-20cf797e00ea/screenshot - {}
RESULT: {}
COMMAND: GET /session/1d8cb68e-5aa3-4359-89ae-20cf797e00ea/window/rect - {}
RESULT: {}
COMMAND: GET /session/1d8cb68e-5aa3-4359-89ae-20cf797e00ea/screenshot - {}
RESULT: {}
]]></system-out>
    </testcase>
  </testsuite>
  <testsuite name="Performance and Memory" timestamp="2025-09-15T23:27:59" time="2.623" tests="2" failures="2" errors="0" skipped="0">
    <properties>
      <property name="specId" value="0"/>
      <property name="suiteName" value="Performance and Memory"/>
      <property name="capabilities" value="ios.iphone16promax"/>
      <property name="file" value="file://./tests/specs/ios.app.test.js"/>
    </properties>
    <testcase classname="ios.iphone16promax.Suliit_iOS_App_Tests.Performance_and_Memory" name="should maintain good performance during interactions" time="0.177">
      <failure message="WebDriverError: Request with GET/HEAD method cannot have body. when running &quot;touch/perform&quot; with method &quot;GET&quot; and args &quot;{&quot;actions&quot;:[{&quot;action&quot;:&quot;tap&quot;,&quot;options&quot;:{&quot;x&quot;:220,&quot;y&quot;:478}}]}&quot;"/>
      <system-out><![CDATA[
COMMAND: GET /session/1d8cb68e-5aa3-4359-89ae-20cf797e00ea/screenshot - {}
RESULT: {}
COMMAND: GET /session/1d8cb68e-5aa3-4359-89ae-20cf797e00ea/window/rect - {}
RESULT: {}
COMMAND: GET /session/1d8cb68e-5aa3-4359-89ae-20cf797e00ea/touch/perform - {"actions":[{"action":"tap","options":{"x":220,"y":478}}]}
RESULT: {"actions":[{"action":"tap","options":{"x":220,"y":478}}]}
COMMAND: GET /session/1d8cb68e-5aa3-4359-89ae-20cf797e00ea/screenshot - {}
COMMAND: GET /session/1d8cb68e-5aa3-4359-89ae-20cf797e00ea/screenshot - {}
RESULT: {}
RESULT: {}
]]></system-out>
      <system-err><![CDATA[
Error: WebDriverError: Request with GET/HEAD method cannot have body. when running "touch/perform" with method "GET" and args "{"actions":[{"action":"tap","options":{"x":220,"y":478}}]}"
    at async Context.<anonymous> (/Volumes/Data/innovent/suliit/automation/tests/specs/ios.app.test.js:219:17)
]]></system-err>
    </testcase>
    <testcase classname="ios.iphone16promax.Suliit_iOS_App_Tests.Performance_and_Memory" name="should handle memory efficiently" time="1.771">
      <failure message="WebDriverError: An unknown server-side error occurred while processing the command. Original error: -[XCUIApplicationProcess waitForQuiescenceIncludingAnimationsIdle:]: unrecognized selector sent to instance 0x600002c23200 when running &quot;source&quot; with method &quot;GET&quot;"/>
      <system-out><![CDATA[
COMMAND: GET /session/1d8cb68e-5aa3-4359-89ae-20cf797e00ea/screenshot - {}
RESULT: {}
COMMAND: GET /session/1d8cb68e-5aa3-4359-89ae-20cf797e00ea/source - {}
RESULT: {}
COMMAND: GET /session/1d8cb68e-5aa3-4359-89ae-20cf797e00ea/screenshot - {}
COMMAND: GET /session/1d8cb68e-5aa3-4359-89ae-20cf797e00ea/screenshot - {}
RESULT: {}
RESULT: {}
COMMAND: DELETE /session/1d8cb68e-5aa3-4359-89ae-20cf797e00ea - {}
RESULT: {}
]]></system-out>
      <system-err><![CDATA[
unknown error: WebDriverError: An unknown server-side error occurred while processing the command. Original error: -[XCUIApplicationProcess waitForQuiescenceIncludingAnimationsIdle:]: unrecognized selector sent to instance 0x600002c23200 when running "source" with method "GET"
    at async Context.<anonymous> (/Volumes/Data/innovent/suliit/automation/tests/specs/ios.app.test.js:239:17)
]]></system-err>
    </testcase>
  </testsuite>
</testsuites>